[error] Failed to fetch Firebase Project from Studio Workspace because WORKSPACE_SLUG environment variable is empty
[error] Failed to fetch Firebase Project from Studio Workspace because WORKSPACE_SLUG environment variable is empty
[error] Failed to fetch Firebase Project from Studio Workspace because WORKSPACE_SLUG environment variable is empty
[error] Failed to fetch Firebase Project from Studio Workspace because WORKSPACE_SLUG environment variable is empty
[debug] [2026-01-11T06:05:48.739Z] > command requires scopes: ["email","openid","https://www.googleapis.com/auth/cloudplatformprojects.readonly","https://www.googleapis.com/auth/firebase","https://www.googleapis.com/auth/cloud-platform","https://www.googleapis.com/auth/userinfo.email"]
[debug] [2026-01-11T06:05:48.740Z] > authorizing via signed-in user (zipchau@gmail.com)
[debug] [2026-01-11T06:05:48.759Z] No OAuth tokens found
[debug] [2026-01-11T06:05:48.760Z] No OAuth tokens found
[debug] [2026-01-11T06:05:48.760Z] > command requires scopes: ["email","openid","https://www.googleapis.com/auth/cloudplatformprojects.readonly","https://www.googleapis.com/auth/firebase","https://www.googleapis.com/auth/cloud-platform","https://www.googleapis.com/auth/userinfo.email"]
[debug] [2026-01-11T06:05:48.761Z] > authorizing via signed-in user (zipchau@gmail.com)
[debug] [2026-01-11T06:05:48.762Z] No OAuth tokens found
[debug] [2026-01-11T06:05:48.762Z] No OAuth tokens found
[debug] [2026-01-11T06:05:48.762Z] > command requires scopes: ["email","openid","https://www.googleapis.com/auth/cloudplatformprojects.readonly","https://www.googleapis.com/auth/firebase","https://www.googleapis.com/auth/cloud-platform","https://www.googleapis.com/auth/userinfo.email"]
[debug] [2026-01-11T06:05:48.763Z] > authorizing via signed-in user (zipchau@gmail.com)
[debug] [2026-01-11T06:05:48.763Z] No OAuth tokens found
[debug] [2026-01-11T06:05:48.764Z] No OAuth tokens found
[debug] [2026-01-11T06:05:48.764Z] > command requires scopes: ["email","openid","https://www.googleapis.com/auth/cloudplatformprojects.readonly","https://www.googleapis.com/auth/firebase","https://www.googleapis.com/auth/cloud-platform","https://www.googleapis.com/auth/userinfo.email"]
[debug] [2026-01-11T06:05:48.764Z] > authorizing via signed-in user (zipchau@gmail.com)
[debug] [2026-01-11T06:05:48.765Z] No OAuth tokens found
[debug] [2026-01-11T06:05:48.765Z] No OAuth tokens found
[debug] [2026-01-11T06:05:48.765Z] > command requires scopes: ["email","openid","https://www.googleapis.com/auth/cloudplatformprojects.readonly","https://www.googleapis.com/auth/firebase","https://www.googleapis.com/auth/cloud-platform","https://www.googleapis.com/auth/userinfo.email"]
[debug] [2026-01-11T06:05:48.766Z] > authorizing via signed-in user (zipchau@gmail.com)
[debug] [2026-01-11T06:05:48.766Z] No OAuth tokens found
[debug] [2026-01-11T06:05:48.766Z] No OAuth tokens found
[debug] [2026-01-11T06:05:48.766Z] > command requires scopes: ["email","openid","https://www.googleapis.com/auth/cloudplatformprojects.readonly","https://www.googleapis.com/auth/firebase","https://www.googleapis.com/auth/cloud-platform","https://www.googleapis.com/auth/userinfo.email"]
[debug] [2026-01-11T06:05:48.767Z] > authorizing via signed-in user (zipchau@gmail.com)
[debug] [2026-01-11T06:05:48.767Z] No OAuth tokens found
[debug] [2026-01-11T06:05:48.768Z] No OAuth tokens found
[debug] [2026-01-11T06:05:48.768Z] > command requires scopes: ["email","openid","https://www.googleapis.com/auth/cloudplatformprojects.readonly","https://www.googleapis.com/auth/firebase","https://www.googleapis.com/auth/cloud-platform","https://www.googleapis.com/auth/userinfo.email"]
[debug] [2026-01-11T06:05:48.768Z] > authorizing via signed-in user (zipchau@gmail.com)
[debug] [2026-01-11T06:05:48.768Z] No OAuth tokens found
[debug] [2026-01-11T06:05:48.769Z] No OAuth tokens found
[debug] [2026-01-11T06:05:48.769Z] > command requires scopes: ["email","openid","https://www.googleapis.com/auth/cloudplatformprojects.readonly","https://www.googleapis.com/auth/firebase","https://www.googleapis.com/auth/cloud-platform","https://www.googleapis.com/auth/userinfo.email"]
[debug] [2026-01-11T06:05:48.769Z] > authorizing via signed-in user (zipchau@gmail.com)
[debug] [2026-01-11T06:05:48.797Z] No OAuth tokens found
[debug] [2026-01-11T06:05:48.797Z] No OAuth tokens found
[debug] [2026-01-11T06:05:48.797Z] > command requires scopes: ["email","openid","https://www.googleapis.com/auth/cloudplatformprojects.readonly","https://www.googleapis.com/auth/firebase","https://www.googleapis.com/auth/cloud-platform","https://www.googleapis.com/auth/userinfo.email"]
[debug] [2026-01-11T06:05:48.798Z] > authorizing via signed-in user (zipchau@gmail.com)
[debug] [2026-01-11T06:05:48.798Z] > command requires scopes: ["email","openid","https://www.googleapis.com/auth/cloudplatformprojects.readonly","https://www.googleapis.com/auth/firebase","https://www.googleapis.com/auth/cloud-platform","https://www.googleapis.com/auth/userinfo.email"]
[debug] [2026-01-11T06:05:48.798Z] > authorizing via signed-in user (zipchau@gmail.com)
[debug] [2026-01-11T06:05:48.805Z] No OAuth tokens found
[debug] [2026-01-11T06:05:48.805Z] No OAuth tokens found
[debug] [2026-01-11T06:05:48.805Z] > command requires scopes: ["email","openid","https://www.googleapis.com/auth/cloudplatformprojects.readonly","https://www.googleapis.com/auth/firebase","https://www.googleapis.com/auth/cloud-platform","https://www.googleapis.com/auth/userinfo.email"]
[debug] [2026-01-11T06:05:48.805Z] > authorizing via signed-in user (zipchau@gmail.com)
[debug] [2026-01-11T06:05:48.807Z] No OAuth tokens found
[debug] [2026-01-11T06:05:48.807Z] No OAuth tokens found
[debug] [2026-01-11T06:05:48.807Z] > command requires scopes: ["email","openid","https://www.googleapis.com/auth/cloudplatformprojects.readonly","https://www.googleapis.com/auth/firebase","https://www.googleapis.com/auth/cloud-platform","https://www.googleapis.com/auth/userinfo.email"]
[debug] [2026-01-11T06:05:48.807Z] > authorizing via signed-in user (zipchau@gmail.com)
[debug] [2026-01-11T06:05:48.809Z] No OAuth tokens found
[debug] [2026-01-11T06:05:48.810Z] No OAuth tokens found
[debug] [2026-01-11T06:05:48.810Z] > command requires scopes: ["email","openid","https://www.googleapis.com/auth/cloudplatformprojects.readonly","https://www.googleapis.com/auth/firebase","https://www.googleapis.com/auth/cloud-platform","https://www.googleapis.com/auth/userinfo.email"]
[debug] [2026-01-11T06:05:48.810Z] > authorizing via signed-in user (zipchau@gmail.com)
[debug] [2026-01-11T06:05:48.811Z] No OAuth tokens found
[debug] [2026-01-11T06:05:48.811Z] No OAuth tokens found
[debug] [2026-01-11T06:05:48.811Z] > command requires scopes: ["email","openid","https://www.googleapis.com/auth/cloudplatformprojects.readonly","https://www.googleapis.com/auth/firebase","https://www.googleapis.com/auth/cloud-platform","https://www.googleapis.com/auth/userinfo.email"]
[debug] [2026-01-11T06:05:48.811Z] > authorizing via signed-in user (zipchau@gmail.com)
[debug] [2026-01-11T06:05:48.812Z] No OAuth tokens found
[debug] [2026-01-11T06:05:48.812Z] No OAuth tokens found
[debug] [2026-01-11T06:05:48.812Z] > command requires scopes: ["email","openid","https://www.googleapis.com/auth/cloudplatformprojects.readonly","https://www.googleapis.com/auth/firebase","https://www.googleapis.com/auth/cloud-platform","https://www.googleapis.com/auth/userinfo.email"]
[debug] [2026-01-11T06:05:48.812Z] > authorizing via signed-in user (zipchau@gmail.com)
[debug] [2026-01-11T06:05:48.813Z] No OAuth tokens found
[debug] [2026-01-11T06:05:48.813Z] No OAuth tokens found
[debug] [2026-01-11T06:05:48.813Z] > command requires scopes: ["email","openid","https://www.googleapis.com/auth/cloudplatformprojects.readonly","https://www.googleapis.com/auth/firebase","https://www.googleapis.com/auth/cloud-platform","https://www.googleapis.com/auth/userinfo.email"]
[debug] [2026-01-11T06:05:48.813Z] > authorizing via signed-in user (zipchau@gmail.com)
[debug] [2026-01-11T06:05:48.814Z] No OAuth tokens found
[debug] [2026-01-11T06:05:48.814Z] No OAuth tokens found
[debug] [2026-01-11T06:05:48.814Z] > command requires scopes: ["email","openid","https://www.googleapis.com/auth/cloudplatformprojects.readonly","https://www.googleapis.com/auth/firebase","https://www.googleapis.com/auth/cloud-platform","https://www.googleapis.com/auth/userinfo.email"]
[debug] [2026-01-11T06:05:48.814Z] > authorizing via signed-in user (zipchau@gmail.com)
[debug] [2026-01-11T06:05:48.825Z] No OAuth tokens found
[debug] [2026-01-11T06:05:48.828Z] No OAuth tokens found
[debug] [2026-01-11T06:05:48.828Z] > command requires scopes: ["email","openid","https://www.googleapis.com/auth/cloudplatformprojects.readonly","https://www.googleapis.com/auth/firebase","https://www.googleapis.com/auth/cloud-platform","https://www.googleapis.com/auth/userinfo.email"]
[debug] [2026-01-11T06:05:48.828Z] > authorizing via signed-in user (zipchau@gmail.com)
[debug] [2026-01-11T06:05:48.836Z] >>> [apiv2][query] GET https://serviceusage.googleapis.com/v1/projects/horse-jump-99db2/services/firestore.googleapis.com [none]
[debug] [2026-01-11T06:05:48.837Z] >>> [apiv2][(partial)header] GET https://serviceusage.googleapis.com/v1/projects/horse-jump-99db2/services/firestore.googleapis.com x-goog-quota-user=projects/horse-jump-99db2
[debug] [2026-01-11T06:05:48.841Z] >>> [apiv2][query] GET https://serviceusage.googleapis.com/v1/projects/horse-jump-99db2/services/storage.googleapis.com [none]
[debug] [2026-01-11T06:05:48.841Z] >>> [apiv2][(partial)header] GET https://serviceusage.googleapis.com/v1/projects/horse-jump-99db2/services/storage.googleapis.com x-goog-quota-user=projects/horse-jump-99db2
[debug] [2026-01-11T06:05:48.846Z] >>> [apiv2][query] GET https://serviceusage.googleapis.com/v1/projects/horse-jump-99db2/services/firebasedataconnect.googleapis.com [none]
[debug] [2026-01-11T06:05:48.846Z] >>> [apiv2][(partial)header] GET https://serviceusage.googleapis.com/v1/projects/horse-jump-99db2/services/firebasedataconnect.googleapis.com x-goog-quota-user=projects/horse-jump-99db2
[debug] [2026-01-11T06:05:48.849Z] >>> [apiv2][query] GET https://serviceusage.googleapis.com/v1/projects/horse-jump-99db2/services/identitytoolkit.googleapis.com [none]
[debug] [2026-01-11T06:05:48.850Z] >>> [apiv2][(partial)header] GET https://serviceusage.googleapis.com/v1/projects/horse-jump-99db2/services/identitytoolkit.googleapis.com x-goog-quota-user=projects/horse-jump-99db2
[debug] [2026-01-11T06:05:48.886Z] >>> [apiv2][query] GET https://serviceusage.googleapis.com/v1/projects/horse-jump-99db2/services/fcm.googleapis.com [none]
[debug] [2026-01-11T06:05:48.886Z] >>> [apiv2][(partial)header] GET https://serviceusage.googleapis.com/v1/projects/horse-jump-99db2/services/fcm.googleapis.com x-goog-quota-user=projects/horse-jump-99db2
[debug] [2026-01-11T06:05:48.889Z] >>> [apiv2][query] GET https://serviceusage.googleapis.com/v1/projects/horse-jump-99db2/services/cloudfunctions.googleapis.com [none]
[debug] [2026-01-11T06:05:48.889Z] >>> [apiv2][(partial)header] GET https://serviceusage.googleapis.com/v1/projects/horse-jump-99db2/services/cloudfunctions.googleapis.com x-goog-quota-user=projects/horse-jump-99db2
[debug] [2026-01-11T06:05:48.892Z] >>> [apiv2][query] GET https://serviceusage.googleapis.com/v1/projects/horse-jump-99db2/services/firebaseremoteconfig.googleapis.com [none]
[debug] [2026-01-11T06:05:48.892Z] >>> [apiv2][(partial)header] GET https://serviceusage.googleapis.com/v1/projects/horse-jump-99db2/services/firebaseremoteconfig.googleapis.com x-goog-quota-user=projects/horse-jump-99db2
[debug] [2026-01-11T06:05:48.894Z] >>> [apiv2][query] GET https://serviceusage.googleapis.com/v1/projects/horse-jump-99db2/services/firebaseapphosting.googleapis.com [none]
[debug] [2026-01-11T06:05:48.895Z] >>> [apiv2][(partial)header] GET https://serviceusage.googleapis.com/v1/projects/horse-jump-99db2/services/firebaseapphosting.googleapis.com x-goog-quota-user=projects/horse-jump-99db2
[debug] [2026-01-11T06:05:48.898Z] >>> [apiv2][query] GET https://serviceusage.googleapis.com/v1/projects/horse-jump-99db2/services/firestore.googleapis.com [none]
[debug] [2026-01-11T06:05:48.898Z] >>> [apiv2][(partial)header] GET https://serviceusage.googleapis.com/v1/projects/horse-jump-99db2/services/firestore.googleapis.com x-goog-quota-user=projects/horse-jump-99db2
[debug] [2026-01-11T06:05:48.901Z] >>> [apiv2][query] GET https://serviceusage.googleapis.com/v1/projects/horse-jump-99db2/services/storage.googleapis.com [none]
[debug] [2026-01-11T06:05:48.901Z] >>> [apiv2][(partial)header] GET https://serviceusage.googleapis.com/v1/projects/horse-jump-99db2/services/storage.googleapis.com x-goog-quota-user=projects/horse-jump-99db2
[debug] [2026-01-11T06:05:48.904Z] >>> [apiv2][query] GET https://serviceusage.googleapis.com/v1/projects/horse-jump-99db2/services/firebasedataconnect.googleapis.com [none]
[debug] [2026-01-11T06:05:48.904Z] >>> [apiv2][(partial)header] GET https://serviceusage.googleapis.com/v1/projects/horse-jump-99db2/services/firebasedataconnect.googleapis.com x-goog-quota-user=projects/horse-jump-99db2
[debug] [2026-01-11T06:05:48.907Z] >>> [apiv2][query] GET https://serviceusage.googleapis.com/v1/projects/horse-jump-99db2/services/identitytoolkit.googleapis.com [none]
[debug] [2026-01-11T06:05:48.907Z] >>> [apiv2][(partial)header] GET https://serviceusage.googleapis.com/v1/projects/horse-jump-99db2/services/identitytoolkit.googleapis.com x-goog-quota-user=projects/horse-jump-99db2
[debug] [2026-01-11T06:05:48.911Z] >>> [apiv2][query] GET https://serviceusage.googleapis.com/v1/projects/horse-jump-99db2/services/fcm.googleapis.com [none]
[debug] [2026-01-11T06:05:48.911Z] >>> [apiv2][(partial)header] GET https://serviceusage.googleapis.com/v1/projects/horse-jump-99db2/services/fcm.googleapis.com x-goog-quota-user=projects/horse-jump-99db2
[debug] [2026-01-11T06:05:48.914Z] >>> [apiv2][query] GET https://serviceusage.googleapis.com/v1/projects/horse-jump-99db2/services/cloudfunctions.googleapis.com [none]
[debug] [2026-01-11T06:05:48.914Z] >>> [apiv2][(partial)header] GET https://serviceusage.googleapis.com/v1/projects/horse-jump-99db2/services/cloudfunctions.googleapis.com x-goog-quota-user=projects/horse-jump-99db2
[debug] [2026-01-11T06:05:48.917Z] >>> [apiv2][query] GET https://serviceusage.googleapis.com/v1/projects/horse-jump-99db2/services/firebaseremoteconfig.googleapis.com [none]
[debug] [2026-01-11T06:05:48.919Z] >>> [apiv2][(partial)header] GET https://serviceusage.googleapis.com/v1/projects/horse-jump-99db2/services/firebaseremoteconfig.googleapis.com x-goog-quota-user=projects/horse-jump-99db2
[debug] [2026-01-11T06:05:48.926Z] >>> [apiv2][query] GET https://serviceusage.googleapis.com/v1/projects/horse-jump-99db2/services/firebaseapphosting.googleapis.com [none]
[debug] [2026-01-11T06:05:48.926Z] >>> [apiv2][(partial)header] GET https://serviceusage.googleapis.com/v1/projects/horse-jump-99db2/services/firebaseapphosting.googleapis.com x-goog-quota-user=projects/horse-jump-99db2
[debug] [2026-01-11T06:05:50.200Z] <<< [apiv2][status] GET https://serviceusage.googleapis.com/v1/projects/horse-jump-99db2/services/identitytoolkit.googleapis.com 200
[debug] [2026-01-11T06:05:50.205Z] <<< [apiv2][body] GET https://serviceusage.googleapis.com/v1/projects/horse-jump-99db2/services/identitytoolkit.googleapis.com [omitted]
[debug] [2026-01-11T06:05:50.230Z] <<< [apiv2][status] GET https://serviceusage.googleapis.com/v1/projects/horse-jump-99db2/services/firebaseapphosting.googleapis.com 200
[debug] [2026-01-11T06:05:50.231Z] <<< [apiv2][body] GET https://serviceusage.googleapis.com/v1/projects/horse-jump-99db2/services/firebaseapphosting.googleapis.com [omitted]
[debug] [2026-01-11T06:05:50.246Z] <<< [apiv2][status] GET https://serviceusage.googleapis.com/v1/projects/horse-jump-99db2/services/firebasedataconnect.googleapis.com 200
[debug] [2026-01-11T06:05:50.249Z] <<< [apiv2][body] GET https://serviceusage.googleapis.com/v1/projects/horse-jump-99db2/services/firebasedataconnect.googleapis.com [omitted]
[debug] [2026-01-11T06:05:50.276Z] <<< [apiv2][status] GET https://serviceusage.googleapis.com/v1/projects/horse-jump-99db2/services/fcm.googleapis.com 200
[debug] [2026-01-11T06:05:50.277Z] <<< [apiv2][body] GET https://serviceusage.googleapis.com/v1/projects/horse-jump-99db2/services/fcm.googleapis.com [omitted]
[debug] [2026-01-11T06:05:50.314Z] <<< [apiv2][status] GET https://serviceusage.googleapis.com/v1/projects/horse-jump-99db2/services/cloudfunctions.googleapis.com 200
[debug] [2026-01-11T06:05:50.314Z] <<< [apiv2][body] GET https://serviceusage.googleapis.com/v1/projects/horse-jump-99db2/services/cloudfunctions.googleapis.com [omitted]
[debug] [2026-01-11T06:05:50.343Z] <<< [apiv2][status] GET https://serviceusage.googleapis.com/v1/projects/horse-jump-99db2/services/firebasedataconnect.googleapis.com 200
[debug] [2026-01-11T06:05:50.343Z] <<< [apiv2][body] GET https://serviceusage.googleapis.com/v1/projects/horse-jump-99db2/services/firebasedataconnect.googleapis.com [omitted]
[debug] [2026-01-11T06:05:50.352Z] <<< [apiv2][status] GET https://serviceusage.googleapis.com/v1/projects/horse-jump-99db2/services/firestore.googleapis.com 200
[debug] [2026-01-11T06:05:50.352Z] <<< [apiv2][body] GET https://serviceusage.googleapis.com/v1/projects/horse-jump-99db2/services/firestore.googleapis.com [omitted]
[debug] [2026-01-11T06:05:50.367Z] <<< [apiv2][status] GET https://serviceusage.googleapis.com/v1/projects/horse-jump-99db2/services/firestore.googleapis.com 200
[debug] [2026-01-11T06:05:50.367Z] <<< [apiv2][body] GET https://serviceusage.googleapis.com/v1/projects/horse-jump-99db2/services/firestore.googleapis.com [omitted]
[debug] [2026-01-11T06:05:50.388Z] <<< [apiv2][status] GET https://serviceusage.googleapis.com/v1/projects/horse-jump-99db2/services/storage.googleapis.com 200
[debug] [2026-01-11T06:05:50.388Z] <<< [apiv2][body] GET https://serviceusage.googleapis.com/v1/projects/horse-jump-99db2/services/storage.googleapis.com [omitted]
[debug] [2026-01-11T06:05:50.399Z] <<< [apiv2][status] GET https://serviceusage.googleapis.com/v1/projects/horse-jump-99db2/services/firebaseremoteconfig.googleapis.com 200
[debug] [2026-01-11T06:05:50.399Z] <<< [apiv2][body] GET https://serviceusage.googleapis.com/v1/projects/horse-jump-99db2/services/firebaseremoteconfig.googleapis.com [omitted]
[debug] [2026-01-11T06:05:50.410Z] <<< [apiv2][status] GET https://serviceusage.googleapis.com/v1/projects/horse-jump-99db2/services/fcm.googleapis.com 200
[debug] [2026-01-11T06:05:50.410Z] <<< [apiv2][body] GET https://serviceusage.googleapis.com/v1/projects/horse-jump-99db2/services/fcm.googleapis.com [omitted]
[debug] [2026-01-11T06:05:50.419Z] <<< [apiv2][status] GET https://serviceusage.googleapis.com/v1/projects/horse-jump-99db2/services/storage.googleapis.com 200
[debug] [2026-01-11T06:05:50.419Z] <<< [apiv2][body] GET https://serviceusage.googleapis.com/v1/projects/horse-jump-99db2/services/storage.googleapis.com [omitted]
[debug] [2026-01-11T06:05:50.425Z] <<< [apiv2][status] GET https://serviceusage.googleapis.com/v1/projects/horse-jump-99db2/services/cloudfunctions.googleapis.com 200
[debug] [2026-01-11T06:05:50.428Z] <<< [apiv2][body] GET https://serviceusage.googleapis.com/v1/projects/horse-jump-99db2/services/cloudfunctions.googleapis.com [omitted]
[error] Failed to fetch Firebase Project from Studio Workspace because WORKSPACE_SLUG environment variable is empty
[debug] [2026-01-11T06:05:50.446Z] <<< [apiv2][status] GET https://serviceusage.googleapis.com/v1/projects/horse-jump-99db2/services/firebaseremoteconfig.googleapis.com 200
[debug] [2026-01-11T06:05:50.446Z] <<< [apiv2][body] GET https://serviceusage.googleapis.com/v1/projects/horse-jump-99db2/services/firebaseremoteconfig.googleapis.com [omitted]
[debug] [2026-01-11T06:05:50.470Z] <<< [apiv2][status] GET https://serviceusage.googleapis.com/v1/projects/horse-jump-99db2/services/firebaseapphosting.googleapis.com 200
[debug] [2026-01-11T06:05:50.470Z] <<< [apiv2][body] GET https://serviceusage.googleapis.com/v1/projects/horse-jump-99db2/services/firebaseapphosting.googleapis.com [omitted]
[debug] [2026-01-11T06:05:50.478Z] <<< [apiv2][status] GET https://serviceusage.googleapis.com/v1/projects/horse-jump-99db2/services/identitytoolkit.googleapis.com 200
[debug] [2026-01-11T06:05:50.478Z] <<< [apiv2][body] GET https://serviceusage.googleapis.com/v1/projects/horse-jump-99db2/services/identitytoolkit.googleapis.com [omitted]
[error] Failed to fetch Firebase Project from Studio Workspace because WORKSPACE_SLUG environment variable is empty
[error] Failed to fetch Firebase Project from Studio Workspace because WORKSPACE_SLUG environment variable is empty
[debug] [2026-01-11T06:05:50.516Z] > command requires scopes: ["email","openid","https://www.googleapis.com/auth/cloudplatformprojects.readonly","https://www.googleapis.com/auth/firebase","https://www.googleapis.com/auth/cloud-platform","https://www.googleapis.com/auth/userinfo.email"]
[debug] [2026-01-11T06:05:50.516Z] > authorizing via signed-in user (zipchau@gmail.com)
[error] Failed to fetch Firebase Project from Studio Workspace because WORKSPACE_SLUG environment variable is empty
[debug] [2026-01-11T06:05:50.519Z] > command requires scopes: ["email","openid","https://www.googleapis.com/auth/cloudplatformprojects.readonly","https://www.googleapis.com/auth/firebase","https://www.googleapis.com/auth/cloud-platform","https://www.googleapis.com/auth/userinfo.email"]
[debug] [2026-01-11T06:05:50.519Z] > authorizing via signed-in user (zipchau@gmail.com)
[error] Failed to fetch Firebase Project from Studio Workspace because WORKSPACE_SLUG environment variable is empty
[error] Failed to fetch Firebase Project from Studio Workspace because WORKSPACE_SLUG environment variable is empty
[error] Failed to fetch Firebase Project from Studio Workspace because WORKSPACE_SLUG environment variable is empty
[error] Failed to fetch Firebase Project from Studio Workspace because WORKSPACE_SLUG environment variable is empty
[debug] [2026-01-11T06:05:50.636Z] > command requires scopes: ["email","openid","https://www.googleapis.com/auth/cloudplatformprojects.readonly","https://www.googleapis.com/auth/firebase","https://www.googleapis.com/auth/cloud-platform","https://www.googleapis.com/auth/userinfo.email"]
[debug] [2026-01-11T06:05:50.636Z] > authorizing via signed-in user (zipchau@gmail.com)
[error] Failed to fetch Firebase Project from Studio Workspace because WORKSPACE_SLUG environment variable is empty
[debug] [2026-01-11T06:05:50.640Z] > command requires scopes: ["email","openid","https://www.googleapis.com/auth/cloudplatformprojects.readonly","https://www.googleapis.com/auth/firebase","https://www.googleapis.com/auth/cloud-platform","https://www.googleapis.com/auth/userinfo.email"]
[debug] [2026-01-11T06:05:50.640Z] > authorizing via signed-in user (zipchau@gmail.com)
[error] Failed to fetch Firebase Project from Studio Workspace because WORKSPACE_SLUG environment variable is empty
[error] Failed to fetch Firebase Project from Studio Workspace because WORKSPACE_SLUG environment variable is empty
[debug] [2026-01-11T06:05:50.653Z] > command requires scopes: ["email","openid","https://www.googleapis.com/auth/cloudplatformprojects.readonly","https://www.googleapis.com/auth/firebase","https://www.googleapis.com/auth/cloud-platform","https://www.googleapis.com/auth/userinfo.email"]
[debug] [2026-01-11T06:05:50.653Z] > authorizing via signed-in user (zipchau@gmail.com)
[error] Failed to fetch Firebase Project from Studio Workspace because WORKSPACE_SLUG environment variable is empty
[debug] [2026-01-11T06:05:50.660Z] > command requires scopes: ["email","openid","https://www.googleapis.com/auth/cloudplatformprojects.readonly","https://www.googleapis.com/auth/firebase","https://www.googleapis.com/auth/cloud-platform","https://www.googleapis.com/auth/userinfo.email"]
[debug] [2026-01-11T06:05:50.660Z] > authorizing via signed-in user (zipchau@gmail.com)
[error] Failed to fetch Firebase Project from Studio Workspace because WORKSPACE_SLUG environment variable is empty
[error] Failed to fetch Firebase Project from Studio Workspace because WORKSPACE_SLUG environment variable is empty
[debug] [2026-01-11T06:06:40.726Z] > command requires scopes: ["email","openid","https://www.googleapis.com/auth/cloudplatformprojects.readonly","https://www.googleapis.com/auth/firebase","https://www.googleapis.com/auth/cloud-platform","https://www.googleapis.com/auth/userinfo.email"]
[debug] [2026-01-11T06:06:40.730Z] > authorizing via signed-in user (zipchau@gmail.com)
[error] Failed to fetch Firebase Project from Studio Workspace because WORKSPACE_SLUG environment variable is empty
[error] Failed to fetch Firebase Project from Studio Workspace because WORKSPACE_SLUG environment variable is empty
[debug] [2026-01-11T06:06:40.741Z] > command requires scopes: ["email","openid","https://www.googleapis.com/auth/cloudplatformprojects.readonly","https://www.googleapis.com/auth/firebase","https://www.googleapis.com/auth/cloud-platform","https://www.googleapis.com/auth/userinfo.email"]
[debug] [2026-01-11T06:06:40.741Z] > authorizing via signed-in user (zipchau@gmail.com)
